palashrathod@Palashs-MacBook-Pro hw1 % python3 src/main.py -g all
✅ pass: sym
✅ pass: num
{:Far .95 :Sample 512 :dump False :file data/data.csv :go all :help False :min .5 :p 2 :seed 937162211 }
✅ pass: the
✅ pass: rand
✅ pass: csv
✅ pass: data
✅ pass: clone
y     mid     {:Acc+ 15.57 :Lbs- 2970.42 :Mpg+ 23.84 }
      div     {:Acc+ 2.76 :Lbs- 846.84 :Mpg+ 8.34 }
x     mid     {:Clndrs 5.45 :Model 76.01 :Volume 193.43 :origin 1.0 }
      div     {:Clndrs 1.7 :Model 3.7 :Volume 104.27 :origin 1.3273558482394003 }
✅ pass: stats
0 0.0 {'1': 8, '2': '304.0', '3': 193, '4': 4732, '5': '18.5', '6': 70, '7': 1, '8': 10}
50 0.18 {'1': 8, '2': 429, '3': 208, '4': 4633, '5': 11, '6': 72, '7': 1, '8': 10}
100 0.28 {'1': 6, '2': 232, '3': 100, '4': 2901, '5': 16, '6': 74, '7': 1, '8': 20}
150 0.38 {'1': 8, '2': 350, '3': 125, '4': 3900, '5': '17.4', '6': 79, '7': 1, '8': 20}
200 0.55 {'1': 4, '2': 122, '3': 96, '4': 2300, '5': '15.5', '6': 77, '7': 1, '8': 30}
250 0.69 {'1': 4, '2': 121, '3': 112, '4': 2933, '5': '14.5', '6': 72, '7': 2, '8': 20}
300 0.72 {'1': 4, '2': 130, '3': 102, '4': 3150, '5': '15.7', '6': 76, '7': 2, '8': 20}
350 0.79 {'1': 4, '2': 146, '3': 67, '4': 3250, '5': '21.8', '6': 80, '7': 2, '8': 30}
✅ pass: around
200 198 398
{:1 8 :2 304 :3 150 :4 3672 :5 11.5 :6 73 :7 1 :8 10 } 0.6951699503288055
{:1 4 :2 91 :3 70 :4 1955 :5 20.5 :6 71 :7 1 :8 30 }
{:1 4 :2 97 :3 54 :4 2254 :5 23.5 :6 72 :7 2 :8 20 }
✅ pass: half
398 {:Acc+ 15.57 :Lbs- 2970.42 :Mpg+ 23.84 }
| 200 
| | 101 
| | | 51 
| | | | 26 {:Acc+ 12.25 :Lbs- 4473.23 :Mpg+ 10.77 }
| | | | 25 {:Acc+ 12.74 :Lbs- 4135.44 :Mpg+ 14.8 }
| | | 50 
| | | | 26 {:Acc+ 12.33 :Lbs- 3965.46 :Mpg+ 14.23 }
| | | | 24 {:Acc+ 14.35 :Lbs- 3860.0 :Mpg+ 19.58 }
| | 99 
| | | 50 
| | | | 26 {:Acc+ 17.33 :Lbs- 3451.96 :Mpg+ 20.0 }
| | | | 24 {:Acc+ 16.41 :Lbs- 3186.92 :Mpg+ 20.0 }
| | | 49 
| | | | 25 {:Acc+ 15.62 :Lbs- 3008.88 :Mpg+ 22.0 }
| | | | 24 {:Acc+ 16.69 :Lbs- 2549.92 :Mpg+ 25.0 }
| 198 
| | 100 
| | | 51 
| | | | 26 {:Acc+ 16.69 :Lbs- 2295.92 :Mpg+ 26.15 }
| | | | 25 {:Acc+ 15.66 :Lbs- 2421.0 :Mpg+ 27.6 }
| | | 49 
| | | | 25 {:Acc+ 17.94 :Lbs- 2518.96 :Mpg+ 31.6 }
| | | | 24 {:Acc+ 16.53 :Lbs- 2165.0 :Mpg+ 26.25 }
| | 98 
| | | 50 
| | | | 26 {:Acc+ 16.49 :Lbs- 2294.62 :Mpg+ 32.69 }
| | | | 24 {:Acc+ 16.2 :Lbs- 2360.17 :Mpg+ 32.5 }
| | | 48 
| | | | 25 {:Acc+ 16.32 :Lbs- 2370.72 :Mpg+ 31.6 }
| | | | 23 {:Acc+ 15.74 :Lbs- 2322.39 :Mpg+ 27.83 }
✅ pass: cluster
398 {:Acc+ 15.57 :Lbs- 2970.42 :Mpg+ 23.84 }
| 198 
| | 100 
| | | 51 
| | | | 26 {:Acc+ 16.34 :Lbs- 2154.27 :Mpg+ 26.54 }
✅ pass: optimize
