(base) deekay@devs-mbp HW4 % python3 src/main.py -g all                   
✅ pass: sym
✅ pass: num
{Far 0.95 Sample 512 dump False file data/palash_data.csv go all help False min 0.5 p 2 seed 937162211}
✅ pass: the
b4 {a 1 b {c 2 d [3]}} 
after {a 1 b {c 2 d [10000]}}
✅ pass: copy
{at 0 hi 4 lo 1 m2 7.333333333333334 mu 1.6666666666666667 n 6 txt Num0 w 1}
{at 1 hi 4 lo 2 m2 2.8333333333333335 mu 2.8333333333333335 n 6 txt Num1 w 1}
{at 2 hi 3 lo 2 m2 1.5000000000000002 mu 2.5 n 6 txt Num2 w 1}
{at 3 hi 5 lo 3 m2 4.000000000000001 mu 4.0 n 6 txt Num3 w 1}
{at 4 hi 5 lo 3 m2 2.8333333333333344 mu 4.166666666666667 n 6 txt Num4 w 1}
{at 5 hi 5 lo 2 m2 7.499999999999999 mu 3.5 n 6 txt Num5 w 1}
{at 6 hi 4 lo 2 m2 4.0 mu 3.0 n 6 txt Num6 w 1}
{at 7 hi 5 lo 2 m2 7.333333333333334 mu 3.6666666666666665 n 6 txt Num7 w 1}
{at 8 hi 5 lo 2 m2 6.833333333333335 mu 3.8333333333333335 n 6 txt Num8 w 1}
{at 9 hi 5 lo 3 m2 3.5 mu 4.5 n 6 txt Num9 w 1}
{at 10 has {} mode None most 0 n 0 txt thingX}
{cells [1, 3, 3, 5, 5, 5, 4, 5, 5, 5, 'OfflineDownloadsNotAvailable:OfflineDownloadsAvailable'] x None y None}
{cells [1, 3, 2, 5, 4, 5, 4, 5, 5, 4, 'NoSupport4KStreaming:Support4KStreaming'] x None y None}
{cells [2, 4, 3, 4, 4, 3, 3, 4, 4, 5, 'LessOriginalContent:MoreOriginalContent'] x None y None}
{cells [4, 2, 3, 3, 5, 2, 3, 2, 3, 3, 'LessHorrorContent:MoreHorrorContent'] x None y None}
{cells [1, 3, 2, 3, 4, 3, 2, 3, 4, 5, 'LessSubscribers:MoreSubscribers'] x None y None}
{cells [1, 2, 2, 4, 3, 3, 2, 3, 2, 5, 'NotSoGoodUserExperience:GoodUserExperience'] x None y None}
✅ pass: repcols
 77
|.. 42
|..|.. OfflineDownloadsNotAvailable:OfflineDownloadsAvailable
|..|.. 53
|..|..|.. NoSupport4KStreaming:Support4KStreaming
|..|..|.. LessOriginalContent:MoreOriginalContent
|.. 70
|..|.. LessHorrorContent:MoreHorrorContent
|..|.. 35
|..|..|.. LessSubscribers:MoreSubscribers
|..|..|.. NotSoGoodUserExperience:GoodUserExperience
✅ pass: synonyms
{'n': 10, 'mu': 4.1, 'm2': 16.900000000000002, 'lo': 1, 'hi': 5, 'at': 0, 'txt': 'OfflineDownloadsNotAvailable:OfflineDownloadsAvailable', 'w': 1}
{'n': 10, 'mu': 3.8, 'm2': 17.6, 'lo': 1, 'hi': 5, 'at': 1, 'txt': 'NoSupport4KStreaming:Support4KStreaming', 'w': 1}
{'n': 10, 'mu': 3.6, 'm2': 6.3999999999999995, 'lo': 2, 'hi': 5, 'at': 2, 'txt': 'LessOriginalContent:MoreOriginalContent', 'w': 1}
{'n': 10, 'mu': 3.0, 'm2': 8.0, 'lo': 2, 'hi': 5, 'at': 3, 'txt': 'LessHorrorContent:MoreHorrorContent', 'w': 1}
{'n': 10, 'mu': 3.0, 'm2': 12.0, 'lo': 1, 'hi': 5, 'at': 4, 'txt': 'LessSubscribers:MoreSubscribers', 'w': 1}
{'n': 10, 'mu': 2.7, 'm2': 12.099999999999998, 'lo': 1, 'hi': 5, 'at': 5, 'txt': 'NotSoGoodUserExperience:GoodUserExperience', 'w': 1}
{'n': 0, 'has': {}, 'most': 0, 'mode': None, 'at': 6, 'txt': 'thingX'}
{'cells': [1, 1, 2, 4, 1, 1, 'Tubi'], 'x': None, 'y': None}
{'cells': [3, 3, 4, 2, 3, 2, 'Paramount+'], 'x': None, 'y': None}
{'cells': [3, 2, 3, 3, 2, 2, 'Peacock'], 'x': None, 'y': None}
{'cells': [5, 5, 4, 3, 3, 4, 'Disney+'], 'x': None, 'y': None}
{'cells': [5, 4, 4, 5, 4, 3, 'HBOMax'], 'x': None, 'y': None}
{'cells': [5, 5, 3, 2, 3, 3, 'AppleTVPlus'], 'x': None, 'y': None}
{'cells': [4, 4, 3, 3, 2, 2, 'SonyLIV'], 'x': None, 'y': None}
{'cells': [5, 5, 4, 2, 3, 3, 'Hulu'], 'x': None, 'y': None}
{'cells': [5, 5, 4, 3, 4, 2, 'AmazonPrime'], 'x': None, 'y': None}
{'cells': [5, 4, 5, 3, 5, 5, 'Netflix'], 'x': None, 'y': None}
✅ pass: reprows
 53
|.. 53
|..|.. 53
|..|..|.. Tubi
|..|..|.. Paramount+
|..|.. 75
|..|..|.. Peacock
|..|..|.. 32
|..|..|..|.. Disney+
|..|..|..|.. HBOMax
|.. 88
|..|.. 71
|..|..|.. AppleTVPlus
|..|..|.. SonyLIV
|..|.. 36
|..|..|.. Hulu
|..|..|.. 36
|..|..|..|.. AmazonPrime
|..|..|..|.. Netflix
✅ pass: prototypes

A Tubi
B Paramount+
C Peacock
D Disney+
E HBOMax
F AppleTVPlus
G SonyLIV
H Hulu
I AmazonPrime
J Netflix

                                         
  A                                      
                                         
                                         
                                         
                                         
                                         
  C                                      
                                         
                                         
  G                                      
  B                                      
                                         
                                         
  E                                      
  I                                      
  H                                      
                                         
✅ pass: position
 71
|.. 71
|..|.. 71
|..|..|.. Tubi
|..|..|.. Paramount+
|..|.. 75
|..|..|.. Peacock
|..|..|.. 32
|..|..|..|.. Disney+
|..|..|..|.. HBOMax
|.. 88
|..|.. 71
|..|..|.. AppleTVPlus
|..|..|.. SonyLIV
|..|.. 36
|..|..|.. Hulu
|..|..|.. 36
|..|..|..|.. AmazonPrime
|..|..|..|.. Netflix
 65
|.. 65
|..|.. OfflineDownloadsNotAvailable:OfflineDownloadsAvailable
|..|.. 42
|..|..|.. NoSupport4KStreaming:Support4KStreaming
|..|..|.. LessOriginalContent:MoreOriginalContent
|.. 77
|..|.. LessHorrorContent:MoreHorrorContent
|..|.. 70
|..|..|.. LessSubscribers:MoreSubscribers
|..|..|.. NotSoGoodUserExperience:GoodUserExperience

A Tubi
B Paramount+
C Peacock
D Disney+
E HBOMax
F AppleTVPlus
G SonyLIV
H Hulu
I AmazonPrime
J Netflix

                                         
                                         
                                         
  H                                      
                                         
  I                                      
                                         
  B                                      
                                         
  J                                      
  E                                      
                                         
                                         
                                         
                                         
✅ pass: every

   
script.lua : an example script with help text and a test suite
(c)2022, Tim Menzies <timm@ieee.org>, BSD-2 
USAGE:   script.lua  [OPTIONS] [-g ACTION]
OPTIONS:
  -d  --dump  on crash, dump stack = false
  -f  --file    name of file       = data/palash_data.csv
  -g  --go    start-up action      = data
  -h  --help  show help            = false
  -p  --p       distance coefficient   = 2
  -s  --seed  random number seed   = 937162211
ACTIONS:
  -g  the	show settings
  -g  copy	check copy
  -g  sym	check syms
  -g  num	check nums
  -g  repcols	checking repcols
  -g  synonyms	checking repcols cluster
  -g  reprows	checking reprows
  -g  prototypes	checking reprows cluster
  -g  position	where's wally
  -g  every	the whole enchilada

