(base) deekay@devs-mbp HW4 % python3 src/main.py -g all
✅ pass: sym
✅ pass: num
{Far 0.95 Sample 512 dump False file data/rohan_data.csv go all help False min 0.5 p 2 seed 937162211}
✅ pass: the
b4 {a 1 b {c 2 d [3]}} 
after {a 1 b {c 2 d [10000]}}
✅ pass: copy
{at 0 hi 5 lo 3 m2 3.4999999999999996 mu 4.5 n 6 txt Num0 w 1}
{at 1 hi 5 lo 3 m2 3.4999999999999996 mu 4.5 n 6 txt Num1 w 1}
{at 2 hi 4 lo 2 m2 4.833333333333334 mu 3.1666666666666665 n 6 txt Num2 w 1}
{at 3 hi 5 lo 1 m2 9.333333333333332 mu 3.333333333333333 n 6 txt Num3 w 1}
{at 4 hi 4 lo 1 m2 10.833333333333334 mu 2.166666666666667 n 6 txt Num4 w 1}
{at 5 hi 4 lo 1 m2 6.833333333333335 mu 1.8333333333333333 n 6 txt Num5 w 1}
{at 6 hi 5 lo 2 m2 7.499999999999999 mu 3.5 n 6 txt Num6 w 1}
{at 7 hi 5 lo 1 m2 12.833333333333334 mu 2.833333333333333 n 6 txt Num7 w 1}
{at 8 hi 3 lo 1 m2 6.0 mu 2.0 n 6 txt Num8 w 1}
{at 9 hi 5 lo 1 m2 17.333333333333332 mu 2.6666666666666665 n 6 txt Num9 w 1}
{at 10 has {} mode None most 0 n 0 txt thingX}
{cells [5, 5, 4, 5, 1, 1, 3, 1, 1, 1, 'LessIndianShows:MoreIndianShows'] x None y None}
{cells [5, 5, 2, 3, 4, 1, 2, 1, 1, 4, 'LessBiopics:LessBiopics'] x None y None}
{cells [3, 3, 4, 3, 4, 1, 5, 3, 3, 4, 'ChildrenContent:ForAdults'] x None y None}
{cells [5, 5, 3, 4, 1, 2, 5, 4, 3, 1, 'OnlyUS:International'] x None y None}
{cells [4, 5, 2, 4, 1, 2, 3, 5, 1, 5, 'LessPopularShows:MorePopularShows'] x None y None}
{cells [5, 4, 4, 1, 2, 4, 3, 3, 3, 1, 'Economical:Expensive'] x None y None}
✅ pass: repcols
 70
|.. 70
|..|.. LessIndianShows:MoreIndianShows
|..|.. 72
|..|..|.. LessBiopics:LessBiopics
|..|..|.. ChildrenContent:ForAdults
|.. 70
|..|.. OnlyUS:International
|..|.. 70
|..|..|.. LessPopularShows:MorePopularShows
|..|..|.. Economical:Expensive
✅ pass: synonyms
{'n': 10, 'mu': 2.7, 'm2': 32.1, 'lo': 1, 'hi': 5, 'at': 0, 'txt': 'LessIndianShows:MoreIndianShows', 'w': 1}
{'n': 10, 'mu': 2.8, 'm2': 23.6, 'lo': 1, 'hi': 5, 'at': 1, 'txt': 'LessBiopics:LessBiopics', 'w': 1}
{'n': 10, 'mu': 3.3000000000000003, 'm2': 10.1, 'lo': 1, 'hi': 5, 'at': 2, 'txt': 'ChildrenContent:ForAdults', 'w': 1}
{'n': 10, 'mu': 3.3, 'm2': 22.099999999999998, 'lo': 1, 'hi': 5, 'at': 3, 'txt': 'OnlyUS:International', 'w': 1}
{'n': 10, 'mu': 3.2, 'm2': 23.6, 'lo': 1, 'hi': 5, 'at': 4, 'txt': 'LessPopularShows:MorePopularShows', 'w': 1}
{'n': 10, 'mu': 3.0000000000000004, 'm2': 16.0, 'lo': 1, 'hi': 5, 'at': 5, 'txt': 'Economical:Expensive', 'w': 1}
{'n': 0, 'has': {}, 'most': 0, 'mode': None, 'at': 6, 'txt': 'thingX'}
{'cells': [5, 5, 3, 5, 4, 5, 'Tubi'], 'x': None, 'y': None}
{'cells': [5, 5, 3, 5, 5, 4, 'Paramount+'], 'x': None, 'y': None}
{'cells': [4, 2, 4, 3, 2, 4, 'Peacock'], 'x': None, 'y': None}
{'cells': [5, 3, 3, 4, 4, 1, 'Disney+'], 'x': None, 'y': None}
{'cells': [1, 4, 4, 1, 1, 2, 'HBOMax'], 'x': None, 'y': None}
{'cells': [1, 1, 1, 2, 2, 4, 'AppleTVPlus'], 'x': None, 'y': None}
{'cells': [3, 2, 5, 5, 3, 3, 'SonyLIV'], 'x': None, 'y': None}
{'cells': [1, 1, 3, 4, 5, 3, 'Hulu'], 'x': None, 'y': None}
{'cells': [1, 1, 3, 3, 1, 3, 'AmazonPrime'], 'x': None, 'y': None}
{'cells': [1, 4, 4, 1, 5, 1, 'Netflix'], 'x': None, 'y': None}
✅ pass: reprows
 75
|.. 75
|..|.. 14
|..|..|.. Tubi
|..|..|.. Paramount+
|..|.. 62
|..|..|.. Peacock
|..|..|.. 62
|..|..|..|.. Disney+
|..|..|..|.. HBOMax
|.. 62
|..|.. 58
|..|..|.. AppleTVPlus
|..|..|.. SonyLIV
|..|.. 60
|..|..|.. Hulu
|..|..|.. 60
|..|..|..|.. AmazonPrime
|..|..|..|.. Netflix
✅ pass: prototypes

A Tubi
B Paramount+
C Peacock
D Disney+
E HBOMax
F AppleTVPlus
G SonyLIV
H Hulu
I AmazonPrime
J Netflix

                                         
                                         
                                         
                                         
                                         
                                         
  I                                      
                                         
                                         
  H                                      
  C                                      
  E                                      
  G                                      
  J                                      
  D                                      
  A                                      
✅ pass: position
 74
|.. 74
|..|.. 14
|..|..|.. Tubi
|..|..|.. Paramount+
|..|.. 62
|..|..|.. Peacock
|..|..|.. 62
|..|..|..|.. Disney+
|..|..|..|.. HBOMax
|.. 61
|..|.. 56
|..|..|.. AppleTVPlus
|..|..|.. SonyLIV
|..|.. 49
|..|..|.. Hulu
|..|..|.. 60
|..|..|..|.. AmazonPrime
|..|..|..|.. Netflix
 70
|.. 70
|..|.. LessIndianShows:MoreIndianShows
|..|.. 72
|..|..|.. LessBiopics:LessBiopics
|..|..|.. ChildrenContent:ForAdults
|.. 70
|..|.. OnlyUS:International
|..|.. 70
|..|..|.. LessPopularShows:MorePopularShows
|..|..|.. Economical:Expensive

A Tubi
B Paramount+
C Peacock
D Disney+
E HBOMax
F AppleTVPlus
G SonyLIV
H Hulu
I AmazonPrime
J Netflix

                                         
  A                                      
                                         
  B                                      
                                         
                                         
                                         
                                         
                                         
                                         
  G                                      
                                         
                                         
  H                                      
                                         
✅ pass: every

   
script.lua : an example script with help text and a test suite
(c)2022, Tim Menzies <timm@ieee.org>, BSD-2 
USAGE:   script.lua  [OPTIONS] [-g ACTION]
OPTIONS:
  -d  --dump  on crash, dump stack = false
  -f  --file    name of file       = data/rohan_data.csv
  -g  --go    start-up action      = data
  -h  --help  show help            = false
  -p  --p       distance coefficient   = 2
  -s  --seed  random number seed   = 937162211
ACTIONS:
  -g  the	show settings
  -g  copy	check copy
  -g  sym	check syms
  -g  num	check nums
  -g  repcols	checking repcols
  -g  synonyms	checking repcols cluster
  -g  reprows	checking reprows
  -g  prototypes	checking reprows cluster
  -g  position	where's wally
  -g  every	the whole enchilada

